2015-12-08 21:42:48,832-smoke_logger-INFO-prepareing data-[smokeDetection.py:53]
2015-12-08 21:43:09,099-smoke_logger-INFO-prepare data done.-[smokeDetection.py:58]
2015-12-08 21:43:09,100-smoke_logger-INFO-Training classifier-[smokeDetection.py:59]
2015-12-08 21:43:09,263-smoke_logger-INFO-done. Saving model to file model/overallModel.pkl-[smokeDetection.py:61]
2015-12-08 21:43:09,344-smoke_logger-INFO-model saved successfully-[smokeDetection.py:64]
2015-12-08 21:45:17,729-smoke_logger-INFO-overall model imported successfully.-[smokeDetection_eval_whole.py:38]
2015-12-08 21:45:18,762-smoke_logger-INFO-house_0037.jpg is 1 with proba 0.000759-[smokeDetection_eval_whole.py:56]
2015-12-08 21:45:18,777-smoke_logger-INFO-sunset_0001.jpg is 1 with proba 0.000001-[smokeDetection_eval_whole.py:56]
2015-12-08 21:45:18,792-smoke_logger-INFO-steppe_0015.jpg is 1 with proba 0.000378-[smokeDetection_eval_whole.py:56]
2015-12-08 21:45:18,804-smoke_logger-INFO-greatwall_0011.jpg is 1 with proba 0.477332-[smokeDetection_eval_whole.py:56]
2015-12-08 21:45:18,821-smoke_logger-INFO-street_0008.jpg is 1 with proba 0.002647-[smokeDetection_eval_whole.py:56]
2015-12-08 21:45:18,835-smoke_logger-INFO-house_0028.jpg is 1 with proba 0.000000-[smokeDetection_eval_whole.py:56]
2015-12-08 21:45:18,840-smoke_logger-INFO-street_0016.jpg is 1 with proba 0.045956-[smokeDetection_eval_whole.py:56]
2015-12-08 21:45:18,847-smoke_logger-INFO-sunset_0008.jpg is 1 with proba 0.000013-[smokeDetection_eval_whole.py:56]
2015-12-08 21:45:18,861-smoke_logger-INFO-house_0012.jpg is 1 with proba 0.604951-[smokeDetection_eval_whole.py:56]
2015-12-08 21:45:18,873-smoke_logger-INFO-house_0007.jpg is 1 with proba 0.000000-[smokeDetection_eval_whole.py:56]
2015-12-08 21:45:18,888-smoke_logger-INFO-steppe_0004.jpg is 1 with proba 0.000639-[smokeDetection_eval_whole.py:56]
2015-12-08 21:45:18,893-smoke_logger-INFO-greatwall_0004.jpg is 1 with proba 0.000000-[smokeDetection_eval_whole.py:56]
2015-12-08 21:45:18,897-smoke_logger-INFO-house_0019.jpg is 1 with proba 0.008617-[smokeDetection_eval_whole.py:56]
2015-12-08 21:45:18,910-smoke_logger-INFO-house_0035.jpg is 1 with proba 0.000002-[smokeDetection_eval_whole.py:56]
2015-12-08 21:45:18,918-smoke_logger-INFO-building_0009.jpg is 1 with proba 0.000608-[smokeDetection_eval_whole.py:56]
2015-12-08 21:45:18,922-smoke_logger-INFO-greatwall_0003.jpg is 1 with proba 0.003003-[smokeDetection_eval_whole.py:56]
2015-12-08 21:45:18,926-smoke_logger-INFO-house_0013.jpg is 1 with proba 0.000032-[smokeDetection_eval_whole.py:56]
2015-12-08 21:45:18,943-smoke_logger-INFO-steppe_0008.jpg is 1 with proba 0.000524-[smokeDetection_eval_whole.py:56]
2015-12-08 21:45:18,986-smoke_logger-INFO-sunset_0006.jpg is 1 with proba 0.002787-[smokeDetection_eval_whole.py:56]
2015-12-08 21:45:19,015-smoke_logger-INFO-steppe_0003.jpg is 1 with proba 0.000003-[smokeDetection_eval_whole.py:56]
2015-12-08 21:45:19,019-smoke_logger-INFO-indoor_0001.jpg is 1 with proba 0.001220-[smokeDetection_eval_whole.py:56]
2015-12-08 21:45:19,030-smoke_logger-INFO-building_0001.jpg is 1 with proba 0.019441-[smokeDetection_eval_whole.py:56]
2015-12-08 21:45:19,035-smoke_logger-INFO-street_0018.jpg is 1 with proba 0.309956-[smokeDetection_eval_whole.py:56]
2015-12-08 21:45:19,040-smoke_logger-INFO-street_0015.jpg is 1 with proba 0.000592-[smokeDetection_eval_whole.py:56]
2015-12-08 21:45:19,057-smoke_logger-INFO-house_0011.jpg is 1 with proba 0.002627-[smokeDetection_eval_whole.py:56]
2015-12-08 21:45:19,067-smoke_logger-INFO-steppe_0019.jpg is 1 with proba 0.000003-[smokeDetection_eval_whole.py:56]
2015-12-08 21:45:19,079-smoke_logger-INFO-house_0016.jpg is 1 with proba 0.000000-[smokeDetection_eval_whole.py:56]
2015-12-08 21:45:19,083-smoke_logger-INFO-house_0030.jpg is 1 with proba 0.000000-[smokeDetection_eval_whole.py:56]
2015-12-08 21:45:19,088-smoke_logger-INFO-steppe_0010.jpg is 1 with proba 0.000236-[smokeDetection_eval_whole.py:56]
2015-12-08 21:45:19,093-smoke_logger-INFO-greatwall_0010.jpg is 1 with proba 0.068889-[smokeDetection_eval_whole.py:56]
2015-12-08 21:45:19,138-smoke_logger-INFO-street_0017.jpg is 1 with proba 0.000018-[smokeDetection_eval_whole.py:56]
2015-12-08 21:45:19,154-smoke_logger-INFO-street_0006.jpg is 1 with proba 0.221819-[smokeDetection_eval_whole.py:56]
2015-12-08 21:45:19,171-smoke_logger-INFO-steppe_0001.jpg is 1 with proba 0.041385-[smokeDetection_eval_whole.py:56]
2015-12-08 21:45:19,179-smoke_logger-INFO-house_0003.jpg is 1 with proba 0.023534-[smokeDetection_eval_whole.py:56]
2015-12-08 21:45:19,195-smoke_logger-INFO-building_0003.jpg is 1 with proba 0.006019-[smokeDetection_eval_whole.py:56]
2015-12-08 21:45:19,210-smoke_logger-INFO-house_0017.jpg is 1 with proba 0.000032-[smokeDetection_eval_whole.py:56]
2015-12-08 21:45:19,226-smoke_logger-INFO-house_0036.jpg is 1 with proba 0.000065-[smokeDetection_eval_whole.py:56]
2015-12-08 21:45:19,238-smoke_logger-INFO-house_0015.jpg is 1 with proba 0.942161-[smokeDetection_eval_whole.py:56]
2015-12-08 21:45:19,265-smoke_logger-INFO-sunset_0004.jpg is 1 with proba 0.000851-[smokeDetection_eval_whole.py:56]
2015-12-08 21:45:19,304-smoke_logger-INFO-building_0002.jpg is 1 with proba 0.086135-[smokeDetection_eval_whole.py:56]
2015-12-08 21:45:19,334-smoke_logger-INFO-greatwall_0005.jpg is 1 with proba 0.064581-[smokeDetection_eval_whole.py:56]
2015-12-08 21:45:19,368-smoke_logger-INFO-indoor_0002.jpg is 1 with proba 0.000001-[smokeDetection_eval_whole.py:56]
2015-12-08 21:45:19,401-smoke_logger-INFO-house_0010.jpg is 1 with proba 0.000070-[smokeDetection_eval_whole.py:56]
2015-12-08 21:45:19,431-smoke_logger-INFO-steppe_0014.jpg is 1 with proba 0.037782-[smokeDetection_eval_whole.py:56]
2015-12-08 21:45:19,461-smoke_logger-INFO-building_0010.jpg is 1 with proba 0.000000-[smokeDetection_eval_whole.py:56]
2015-12-08 21:45:19,498-smoke_logger-INFO-steppe_0009.jpg is 1 with proba 0.000180-[smokeDetection_eval_whole.py:56]
2015-12-08 21:45:19,526-smoke_logger-INFO-steppe_0012.jpg is 1 with proba 0.000043-[smokeDetection_eval_whole.py:56]
2015-12-08 21:45:19,554-smoke_logger-INFO-house_0022.jpg is 1 with proba 0.012577-[smokeDetection_eval_whole.py:56]
2015-12-08 21:45:19,560-smoke_logger-INFO-steppe_0005.jpg is 1 with proba 0.000003-[smokeDetection_eval_whole.py:56]
2015-12-08 21:45:19,578-smoke_logger-INFO-greatwall_0007.jpg is 1 with proba 0.018408-[smokeDetection_eval_whole.py:56]
2015-12-08 21:45:19,590-smoke_logger-INFO-street_0005.jpg is 1 with proba 0.064479-[smokeDetection_eval_whole.py:56]
2015-12-08 21:45:19,595-smoke_logger-INFO-greatwall_0001.jpg is 1 with proba 0.000018-[smokeDetection_eval_whole.py:56]
2015-12-08 21:45:19,599-smoke_logger-INFO-street_0019.jpg is 1 with proba 0.381330-[smokeDetection_eval_whole.py:56]
2015-12-08 21:45:19,614-smoke_logger-INFO-house_0006.jpg is 1 with proba 0.003755-[smokeDetection_eval_whole.py:56]
2015-12-08 21:45:19,722-smoke_logger-INFO-sunset_0005.jpg is 1 with proba 0.000002-[smokeDetection_eval_whole.py:56]
2015-12-08 21:45:19,759-smoke_logger-INFO-house_0034.jpg is 1 with proba 0.975449-[smokeDetection_eval_whole.py:56]
2015-12-08 21:45:19,772-smoke_logger-INFO-steppe_0020.jpg is 1 with proba 0.000002-[smokeDetection_eval_whole.py:56]
2015-12-08 21:45:19,788-smoke_logger-INFO-house_0025.jpg is 1 with proba 0.000033-[smokeDetection_eval_whole.py:56]
2015-12-08 21:45:19,802-smoke_logger-INFO-steppe_0006.jpg is 1 with proba 0.000000-[smokeDetection_eval_whole.py:56]
2015-12-08 21:45:19,815-smoke_logger-INFO-building_0007.jpg is 1 with proba 0.374721-[smokeDetection_eval_whole.py:56]
2015-12-08 21:45:19,832-smoke_logger-INFO-house_0021.jpg is 1 with proba 0.001232-[smokeDetection_eval_whole.py:56]
2015-12-08 21:45:19,837-smoke_logger-INFO-greatwall_0012.jpg is 1 with proba 0.053102-[smokeDetection_eval_whole.py:56]
2015-12-08 21:45:19,848-smoke_logger-INFO-building_0008.jpg is 1 with proba 0.041768-[smokeDetection_eval_whole.py:56]
2015-12-08 21:45:19,855-smoke_logger-INFO-sunset_0010.jpg is 1 with proba 0.000341-[smokeDetection_eval_whole.py:56]
2015-12-08 21:45:19,859-smoke_logger-INFO-greatwall_0002.jpg is 1 with proba 0.009560-[smokeDetection_eval_whole.py:56]
2015-12-08 21:45:19,873-smoke_logger-INFO-steppe_0018.jpg is 1 with proba 0.000037-[smokeDetection_eval_whole.py:56]
2015-12-08 21:45:19,887-smoke_logger-INFO-street_0014.jpg is 1 with proba 0.000346-[smokeDetection_eval_whole.py:56]
2015-12-08 21:45:19,904-smoke_logger-INFO-street_0009.jpg is 1 with proba 0.001048-[smokeDetection_eval_whole.py:56]
2015-12-08 21:45:19,922-smoke_logger-INFO-house_0002.jpg is 1 with proba 0.002074-[smokeDetection_eval_whole.py:56]
2015-12-08 21:45:19,935-smoke_logger-INFO-building_0005.jpg is 1 with proba 0.485250-[smokeDetection_eval_whole.py:56]
2015-12-08 21:45:19,945-smoke_logger-INFO-house_0005.jpg is 1 with proba 0.000641-[smokeDetection_eval_whole.py:56]
2015-12-08 21:45:19,954-smoke_logger-INFO-house_0031.jpg is 1 with proba 0.013390-[smokeDetection_eval_whole.py:56]
2015-12-08 21:45:19,961-smoke_logger-INFO-house_0024.jpg is 1 with proba 0.002454-[smokeDetection_eval_whole.py:56]
2015-12-08 21:45:19,976-smoke_logger-INFO-street_0004.jpg is 1 with proba 0.133217-[smokeDetection_eval_whole.py:56]
2015-12-08 21:45:20,005-smoke_logger-INFO-steppe_0017.jpg is 1 with proba 0.002732-[smokeDetection_eval_whole.py:56]
2015-12-08 21:45:20,032-smoke_logger-INFO-greatwall_0009.jpg is 1 with proba 0.000224-[smokeDetection_eval_whole.py:56]
2015-12-08 21:45:20,064-smoke_logger-INFO-house_0004.jpg is 1 with proba 0.002369-[smokeDetection_eval_whole.py:56]
2015-12-08 21:45:20,090-smoke_logger-INFO-street_0010.jpg is 1 with proba 0.014865-[smokeDetection_eval_whole.py:56]
2015-12-08 21:45:20,113-smoke_logger-INFO-building_0006.jpg is 1 with proba 0.068070-[smokeDetection_eval_whole.py:56]
2015-12-08 21:45:20,147-smoke_logger-INFO-house_0018.jpg is 1 with proba 0.173463-[smokeDetection_eval_whole.py:56]
2015-12-08 21:45:20,183-smoke_logger-INFO-steppe_0013.jpg is 1 with proba 0.000065-[smokeDetection_eval_whole.py:56]
2015-12-08 21:45:20,196-smoke_logger-INFO-house_0001.jpg is 1 with proba 0.000061-[smokeDetection_eval_whole.py:56]
2015-12-08 21:45:20,209-smoke_logger-INFO-house_0020.jpg is 1 with proba 0.000540-[smokeDetection_eval_whole.py:56]
2015-12-08 21:45:20,223-smoke_logger-INFO-street_0012.jpg is 1 with proba 0.283864-[smokeDetection_eval_whole.py:56]
2015-12-08 21:45:20,235-smoke_logger-INFO-steppe_0002.jpg is 1 with proba 0.001342-[smokeDetection_eval_whole.py:56]
2015-12-08 21:45:20,242-smoke_logger-INFO-sunset_0009.jpg is 1 with proba 0.000293-[smokeDetection_eval_whole.py:56]
2015-12-08 21:45:20,251-smoke_logger-INFO-street_0020.jpg is 1 with proba 0.000414-[smokeDetection_eval_whole.py:56]
2015-12-08 21:45:20,268-smoke_logger-INFO-street_0011.jpg is 1 with proba 0.001324-[smokeDetection_eval_whole.py:56]
2015-12-08 21:45:20,285-smoke_logger-INFO-house_0023.jpg is 1 with proba 0.000192-[smokeDetection_eval_whole.py:56]
2015-12-08 21:45:20,297-smoke_logger-INFO-street_0013.jpg is 1 with proba 0.000208-[smokeDetection_eval_whole.py:56]
2015-12-08 21:45:20,305-smoke_logger-INFO-street_0002.jpg is 1 with proba 0.049530-[smokeDetection_eval_whole.py:56]
2015-12-08 21:45:20,315-smoke_logger-INFO-steppe_0011.jpg is 1 with proba 0.001836-[smokeDetection_eval_whole.py:56]
2015-12-08 21:45:20,331-smoke_logger-INFO-house_0009.jpg is 1 with proba 0.000447-[smokeDetection_eval_whole.py:56]
2015-12-08 21:45:20,340-smoke_logger-INFO-indoor_0003.jpg is 1 with proba 0.000000-[smokeDetection_eval_whole.py:56]
2015-12-08 21:45:20,356-smoke_logger-INFO-building_0004.jpg is 1 with proba 0.197545-[smokeDetection_eval_whole.py:56]
2015-12-08 21:45:20,364-smoke_logger-INFO-house_0029.jpg is 1 with proba 0.000079-[smokeDetection_eval_whole.py:56]
2015-12-08 21:45:20,370-smoke_logger-INFO-greatwall_0008.jpg is 1 with proba 0.018885-[smokeDetection_eval_whole.py:56]
2015-12-08 21:45:20,378-smoke_logger-INFO-house_0033.jpg is 1 with proba 0.269333-[smokeDetection_eval_whole.py:56]
2015-12-08 21:45:20,390-smoke_logger-INFO-house_0027.jpg is 1 with proba 0.000027-[smokeDetection_eval_whole.py:56]
2015-12-08 21:45:20,405-smoke_logger-INFO-house_0026.jpg is 1 with proba 0.000000-[smokeDetection_eval_whole.py:56]
2015-12-08 21:45:20,421-smoke_logger-INFO-street_0003.jpg is 1 with proba 0.040678-[smokeDetection_eval_whole.py:56]
2015-12-08 21:45:20,430-smoke_logger-INFO-steppe_0016.jpg is 1 with proba 0.001836-[smokeDetection_eval_whole.py:56]
2015-12-08 21:45:20,447-smoke_logger-INFO-house_0014.jpg is 1 with proba 0.003057-[smokeDetection_eval_whole.py:56]
2015-12-08 21:45:20,457-smoke_logger-INFO-sunset_0002.jpg is 1 with proba 0.000010-[smokeDetection_eval_whole.py:56]
2015-12-08 21:45:20,475-smoke_logger-INFO-house_0008.jpg is 1 with proba 0.049567-[smokeDetection_eval_whole.py:56]
2015-12-08 21:45:20,490-smoke_logger-INFO-steppe_0007.jpg is 1 with proba 0.000051-[smokeDetection_eval_whole.py:56]
2015-12-08 21:45:20,501-smoke_logger-INFO-street_0001.jpg is 1 with proba 0.001653-[smokeDetection_eval_whole.py:56]
2015-12-08 21:45:20,508-smoke_logger-INFO-sunset_0003.jpg is 1 with proba 0.000000-[smokeDetection_eval_whole.py:56]
2015-12-08 21:45:20,513-smoke_logger-INFO-greatwall_0006.jpg is 1 with proba 0.008439-[smokeDetection_eval_whole.py:56]
2015-12-08 21:45:20,517-smoke_logger-INFO-house_0032.jpg is 1 with proba 0.000001-[smokeDetection_eval_whole.py:56]
2015-12-08 21:45:20,530-smoke_logger-INFO-sunset_0007.jpg is 1 with proba 0.052828-[smokeDetection_eval_whole.py:56]
2015-12-08 21:45:20,546-smoke_logger-INFO-street_0007.jpg is 1 with proba 0.039329-[smokeDetection_eval_whole.py:56]
2015-12-08 21:45:20,546-smoke_logger-INFO-3 be positive in total 112 images-[smokeDetection_eval_whole.py:60]
2015-12-08 21:47:08,076-smoke_logger-INFO-prepareing data-[smokeDetection.py:53]
2015-12-08 21:47:12,793-smoke_logger-INFO-prepare data done.-[smokeDetection.py:58]
2015-12-08 21:47:12,793-smoke_logger-INFO-Training classifier-[smokeDetection.py:59]
2015-12-08 21:47:12,894-smoke_logger-INFO-done. Saving model to file model/localModel.pkl-[smokeDetection.py:61]
2015-12-08 21:47:12,946-smoke_logger-INFO-model saved successfully-[smokeDetection.py:64]
2015-12-08 21:47:17,332-smoke_logger-INFO-local model imported successfully.-[smokeDetection_eval_local.py:40]
2015-12-08 21:47:17,445-smoke_logger-INFO-2 smoke in 32 widnows of house_0037.jpg.-[smokeDetection_eval_local.py:55]
2015-12-08 21:47:17,486-smoke_logger-INFO-0 smoke in 28 widnows of sunset_0001.jpg.-[smokeDetection_eval_local.py:55]
2015-12-08 21:47:17,543-smoke_logger-INFO-0 smoke in 35 widnows of steppe_0015.jpg.-[smokeDetection_eval_local.py:55]
2015-12-08 21:47:17,597-smoke_logger-INFO-12 smoke in 32 widnows of greatwall_0011.jpg.-[smokeDetection_eval_local.py:55]
2015-12-08 21:47:17,655-smoke_logger-INFO-10 smoke in 35 widnows of street_0008.jpg.-[smokeDetection_eval_local.py:55]
2015-12-08 21:47:17,700-smoke_logger-INFO-0 smoke in 28 widnows of house_0028.jpg.-[smokeDetection_eval_local.py:55]
2015-12-08 21:47:17,760-smoke_logger-INFO-8 smoke in 35 widnows of street_0016.jpg.-[smokeDetection_eval_local.py:55]
2015-12-08 21:47:17,801-smoke_logger-INFO-0 smoke in 28 widnows of sunset_0008.jpg.-[smokeDetection_eval_local.py:55]
2015-12-08 21:47:17,848-smoke_logger-INFO-11 smoke in 30 widnows of house_0012.jpg.-[smokeDetection_eval_local.py:55]
2015-12-08 21:47:17,893-smoke_logger-INFO-6 smoke in 28 widnows of house_0007.jpg.-[smokeDetection_eval_local.py:55]
2015-12-08 21:47:17,947-smoke_logger-INFO-4 smoke in 35 widnows of steppe_0004.jpg.-[smokeDetection_eval_local.py:55]
2015-12-08 21:47:17,993-smoke_logger-INFO-0 smoke in 28 widnows of greatwall_0004.jpg.-[smokeDetection_eval_local.py:55]
2015-12-08 21:47:18,040-smoke_logger-INFO-4 smoke in 28 widnows of house_0019.jpg.-[smokeDetection_eval_local.py:55]
2015-12-08 21:47:18,085-smoke_logger-INFO-4 smoke in 28 widnows of house_0035.jpg.-[smokeDetection_eval_local.py:55]
2015-12-08 21:47:18,130-smoke_logger-INFO-5 smoke in 28 widnows of building_0009.jpg.-[smokeDetection_eval_local.py:55]
2015-12-08 21:47:18,186-smoke_logger-INFO-0 smoke in 35 widnows of greatwall_0003.jpg.-[smokeDetection_eval_local.py:55]
2015-12-08 21:47:18,243-smoke_logger-INFO-1 smoke in 35 widnows of house_0013.jpg.-[smokeDetection_eval_local.py:55]
2015-12-08 21:47:18,295-smoke_logger-INFO-0 smoke in 32 widnows of steppe_0008.jpg.-[smokeDetection_eval_local.py:55]
2015-12-08 21:47:18,337-smoke_logger-INFO-0 smoke in 28 widnows of sunset_0006.jpg.-[smokeDetection_eval_local.py:55]
2015-12-08 21:47:18,381-smoke_logger-INFO-0 smoke in 28 widnows of steppe_0003.jpg.-[smokeDetection_eval_local.py:55]
2015-12-08 21:47:18,426-smoke_logger-INFO-1 smoke in 28 widnows of indoor_0001.jpg.-[smokeDetection_eval_local.py:55]
2015-12-08 21:47:18,471-smoke_logger-INFO-10 smoke in 28 widnows of building_0001.jpg.-[smokeDetection_eval_local.py:55]
2015-12-08 21:47:18,523-smoke_logger-INFO-6 smoke in 32 widnows of street_0018.jpg.-[smokeDetection_eval_local.py:55]
2015-12-08 21:47:18,582-smoke_logger-INFO-7 smoke in 35 widnows of street_0015.jpg.-[smokeDetection_eval_local.py:55]
2015-12-08 21:47:18,638-smoke_logger-INFO-0 smoke in 35 widnows of house_0011.jpg.-[smokeDetection_eval_local.py:55]
2015-12-08 21:47:18,682-smoke_logger-INFO-0 smoke in 28 widnows of steppe_0019.jpg.-[smokeDetection_eval_local.py:55]
2015-12-08 21:47:18,728-smoke_logger-INFO-0 smoke in 28 widnows of house_0016.jpg.-[smokeDetection_eval_local.py:55]
2015-12-08 21:47:18,774-smoke_logger-INFO-0 smoke in 28 widnows of house_0030.jpg.-[smokeDetection_eval_local.py:55]
2015-12-08 21:47:18,818-smoke_logger-INFO-5 smoke in 28 widnows of steppe_0010.jpg.-[smokeDetection_eval_local.py:55]
2015-12-08 21:47:18,864-smoke_logger-INFO-7 smoke in 28 widnows of greatwall_0010.jpg.-[smokeDetection_eval_local.py:55]
2015-12-08 21:47:18,911-smoke_logger-INFO-6 smoke in 28 widnows of street_0017.jpg.-[smokeDetection_eval_local.py:55]
2015-12-08 21:47:18,968-smoke_logger-INFO-27 smoke in 35 widnows of street_0006.jpg.-[smokeDetection_eval_local.py:55]
2015-12-08 21:47:19,013-smoke_logger-INFO-0 smoke in 28 widnows of steppe_0001.jpg.-[smokeDetection_eval_local.py:55]
2015-12-08 21:47:19,058-smoke_logger-INFO-9 smoke in 28 widnows of house_0003.jpg.-[smokeDetection_eval_local.py:55]
2015-12-08 21:47:19,114-smoke_logger-INFO-3 smoke in 35 widnows of building_0003.jpg.-[smokeDetection_eval_local.py:55]
2015-12-08 21:47:19,161-smoke_logger-INFO-4 smoke in 28 widnows of house_0017.jpg.-[smokeDetection_eval_local.py:55]
2015-12-08 21:47:19,210-smoke_logger-INFO-0 smoke in 30 widnows of house_0036.jpg.-[smokeDetection_eval_local.py:55]
2015-12-08 21:47:19,254-smoke_logger-INFO-9 smoke in 28 widnows of house_0015.jpg.-[smokeDetection_eval_local.py:55]
2015-12-08 21:47:19,302-smoke_logger-INFO-0 smoke in 32 widnows of sunset_0004.jpg.-[smokeDetection_eval_local.py:55]
2015-12-08 21:47:19,345-smoke_logger-INFO-1 smoke in 28 widnows of building_0002.jpg.-[smokeDetection_eval_local.py:55]
2015-12-08 21:47:19,399-smoke_logger-INFO-8 smoke in 32 widnows of greatwall_0005.jpg.-[smokeDetection_eval_local.py:55]
2015-12-08 21:47:19,451-smoke_logger-INFO-3 smoke in 32 widnows of indoor_0002.jpg.-[smokeDetection_eval_local.py:55]
2015-12-08 21:47:19,501-smoke_logger-INFO-5 smoke in 30 widnows of house_0010.jpg.-[smokeDetection_eval_local.py:55]
2015-12-08 21:47:19,551-smoke_logger-INFO-1 smoke in 32 widnows of steppe_0014.jpg.-[smokeDetection_eval_local.py:55]
2015-12-08 21:47:19,601-smoke_logger-INFO-1 smoke in 32 widnows of building_0010.jpg.-[smokeDetection_eval_local.py:55]
2015-12-08 21:47:19,661-smoke_logger-INFO-3 smoke in 36 widnows of steppe_0009.jpg.-[smokeDetection_eval_local.py:55]
2015-12-08 21:47:19,712-smoke_logger-INFO-0 smoke in 32 widnows of steppe_0012.jpg.-[smokeDetection_eval_local.py:55]
2015-12-08 21:47:19,758-smoke_logger-INFO-4 smoke in 28 widnows of house_0022.jpg.-[smokeDetection_eval_local.py:55]
2015-12-08 21:47:19,811-smoke_logger-INFO-3 smoke in 32 widnows of steppe_0005.jpg.-[smokeDetection_eval_local.py:55]
2015-12-08 21:47:19,869-smoke_logger-INFO-3 smoke in 35 widnows of greatwall_0007.jpg.-[smokeDetection_eval_local.py:55]
2015-12-08 21:47:19,917-smoke_logger-INFO-3 smoke in 28 widnows of street_0005.jpg.-[smokeDetection_eval_local.py:55]
2015-12-08 21:47:19,963-smoke_logger-INFO-0 smoke in 28 widnows of greatwall_0001.jpg.-[smokeDetection_eval_local.py:55]
2015-12-08 21:47:20,010-smoke_logger-INFO-2 smoke in 28 widnows of street_0019.jpg.-[smokeDetection_eval_local.py:55]
2015-12-08 21:47:20,067-smoke_logger-INFO-3 smoke in 35 widnows of house_0006.jpg.-[smokeDetection_eval_local.py:55]
2015-12-08 21:47:20,117-smoke_logger-INFO-3 smoke in 35 widnows of sunset_0005.jpg.-[smokeDetection_eval_local.py:55]
2015-12-08 21:47:20,166-smoke_logger-INFO-9 smoke in 30 widnows of house_0034.jpg.-[smokeDetection_eval_local.py:55]
2015-12-08 21:47:20,222-smoke_logger-INFO-0 smoke in 35 widnows of steppe_0020.jpg.-[smokeDetection_eval_local.py:55]
2015-12-08 21:47:20,275-smoke_logger-INFO-0 smoke in 32 widnows of house_0025.jpg.-[smokeDetection_eval_local.py:55]
2015-12-08 21:47:20,330-smoke_logger-INFO-0 smoke in 35 widnows of steppe_0006.jpg.-[smokeDetection_eval_local.py:55]
2015-12-08 21:47:20,383-smoke_logger-INFO-9 smoke in 32 widnows of building_0007.jpg.-[smokeDetection_eval_local.py:55]
2015-12-08 21:47:20,428-smoke_logger-INFO-0 smoke in 28 widnows of house_0021.jpg.-[smokeDetection_eval_local.py:55]
2015-12-08 21:47:20,487-smoke_logger-INFO-2 smoke in 35 widnows of greatwall_0012.jpg.-[smokeDetection_eval_local.py:55]
2015-12-08 21:47:20,542-smoke_logger-INFO-5 smoke in 35 widnows of building_0008.jpg.-[smokeDetection_eval_local.py:55]
2015-12-08 21:47:20,582-smoke_logger-INFO-0 smoke in 28 widnows of sunset_0010.jpg.-[smokeDetection_eval_local.py:55]
2015-12-08 21:47:20,628-smoke_logger-INFO-0 smoke in 28 widnows of greatwall_0002.jpg.-[smokeDetection_eval_local.py:55]
2015-12-08 21:47:20,674-smoke_logger-INFO-0 smoke in 28 widnows of steppe_0018.jpg.-[smokeDetection_eval_local.py:55]
2015-12-08 21:47:20,730-smoke_logger-INFO-12 smoke in 35 widnows of street_0014.jpg.-[smokeDetection_eval_local.py:55]
2015-12-08 21:47:20,777-smoke_logger-INFO-15 smoke in 28 widnows of street_0009.jpg.-[smokeDetection_eval_local.py:55]
2015-12-08 21:47:20,835-smoke_logger-INFO-10 smoke in 35 widnows of house_0002.jpg.-[smokeDetection_eval_local.py:55]
2015-12-08 21:47:20,902-smoke_logger-INFO-15 smoke in 32 widnows of building_0005.jpg.-[smokeDetection_eval_local.py:55]
2015-12-08 21:47:20,958-smoke_logger-INFO-3 smoke in 32 widnows of house_0005.jpg.-[smokeDetection_eval_local.py:55]
2015-12-08 21:47:21,012-smoke_logger-INFO-11 smoke in 35 widnows of house_0031.jpg.-[smokeDetection_eval_local.py:55]
2015-12-08 21:47:21,071-smoke_logger-INFO-6 smoke in 35 widnows of house_0024.jpg.-[smokeDetection_eval_local.py:55]
2015-12-08 21:47:21,130-smoke_logger-INFO-22 smoke in 35 widnows of street_0004.jpg.-[smokeDetection_eval_local.py:55]
2015-12-08 21:47:21,186-smoke_logger-INFO-1 smoke in 35 widnows of steppe_0017.jpg.-[smokeDetection_eval_local.py:55]
2015-12-08 21:47:21,236-smoke_logger-INFO-1 smoke in 28 widnows of greatwall_0009.jpg.-[smokeDetection_eval_local.py:55]
2015-12-08 21:47:21,282-smoke_logger-INFO-5 smoke in 28 widnows of house_0004.jpg.-[smokeDetection_eval_local.py:55]
2015-12-08 21:47:21,342-smoke_logger-INFO-17 smoke in 35 widnows of street_0010.jpg.-[smokeDetection_eval_local.py:55]
2015-12-08 21:47:21,385-smoke_logger-INFO-0 smoke in 28 widnows of building_0006.jpg.-[smokeDetection_eval_local.py:55]
2015-12-08 21:47:21,444-smoke_logger-INFO-10 smoke in 35 widnows of house_0018.jpg.-[smokeDetection_eval_local.py:55]
2015-12-08 21:47:21,497-smoke_logger-INFO-0 smoke in 35 widnows of steppe_0013.jpg.-[smokeDetection_eval_local.py:55]
2015-12-08 21:47:21,551-smoke_logger-INFO-7 smoke in 32 widnows of house_0001.jpg.-[smokeDetection_eval_local.py:55]
2015-12-08 21:47:21,608-smoke_logger-INFO-1 smoke in 35 widnows of house_0020.jpg.-[smokeDetection_eval_local.py:55]
2015-12-08 21:47:21,666-smoke_logger-INFO-20 smoke in 35 widnows of street_0012.jpg.-[smokeDetection_eval_local.py:55]
2015-12-08 21:47:21,724-smoke_logger-INFO-0 smoke in 35 widnows of steppe_0002.jpg.-[smokeDetection_eval_local.py:55]
2015-12-08 21:47:21,765-smoke_logger-INFO-0 smoke in 28 widnows of sunset_0009.jpg.-[smokeDetection_eval_local.py:55]
2015-12-08 21:47:21,823-smoke_logger-INFO-0 smoke in 32 widnows of street_0020.jpg.-[smokeDetection_eval_local.py:55]
2015-12-08 21:47:21,867-smoke_logger-INFO-7 smoke in 28 widnows of street_0011.jpg.-[smokeDetection_eval_local.py:55]
2015-12-08 21:47:21,925-smoke_logger-INFO-3 smoke in 35 widnows of house_0023.jpg.-[smokeDetection_eval_local.py:55]
2015-12-08 21:47:21,977-smoke_logger-INFO-11 smoke in 30 widnows of street_0013.jpg.-[smokeDetection_eval_local.py:55]
2015-12-08 21:47:22,036-smoke_logger-INFO-1 smoke in 35 widnows of street_0002.jpg.-[smokeDetection_eval_local.py:55]
2015-12-08 21:47:22,093-smoke_logger-INFO-2 smoke in 35 widnows of steppe_0011.jpg.-[smokeDetection_eval_local.py:55]
2015-12-08 21:47:22,140-smoke_logger-INFO-4 smoke in 28 widnows of house_0009.jpg.-[smokeDetection_eval_local.py:55]
2015-12-08 21:47:22,187-smoke_logger-INFO-4 smoke in 28 widnows of indoor_0003.jpg.-[smokeDetection_eval_local.py:55]
2015-12-08 21:47:22,228-smoke_logger-INFO-2 smoke in 24 widnows of building_0004.jpg.-[smokeDetection_eval_local.py:55]
2015-12-08 21:47:22,275-smoke_logger-INFO-4 smoke in 28 widnows of house_0029.jpg.-[smokeDetection_eval_local.py:55]
2015-12-08 21:47:22,322-smoke_logger-INFO-0 smoke in 28 widnows of greatwall_0008.jpg.-[smokeDetection_eval_local.py:55]
2015-12-08 21:47:22,373-smoke_logger-INFO-1 smoke in 32 widnows of house_0033.jpg.-[smokeDetection_eval_local.py:55]
2015-12-08 21:47:22,419-smoke_logger-INFO-0 smoke in 28 widnows of house_0027.jpg.-[smokeDetection_eval_local.py:55]
2015-12-08 21:47:22,465-smoke_logger-INFO-0 smoke in 28 widnows of house_0026.jpg.-[smokeDetection_eval_local.py:55]
2015-12-08 21:47:22,523-smoke_logger-INFO-2 smoke in 35 widnows of street_0003.jpg.-[smokeDetection_eval_local.py:55]
2015-12-08 21:47:22,582-smoke_logger-INFO-2 smoke in 35 widnows of steppe_0016.jpg.-[smokeDetection_eval_local.py:55]
2015-12-08 21:47:22,629-smoke_logger-INFO-0 smoke in 28 widnows of house_0014.jpg.-[smokeDetection_eval_local.py:55]
2015-12-08 21:47:22,673-smoke_logger-INFO-0 smoke in 28 widnows of sunset_0002.jpg.-[smokeDetection_eval_local.py:55]
2015-12-08 21:47:22,731-smoke_logger-INFO-4 smoke in 35 widnows of house_0008.jpg.-[smokeDetection_eval_local.py:55]
2015-12-08 21:47:22,771-smoke_logger-INFO-0 smoke in 24 widnows of steppe_0007.jpg.-[smokeDetection_eval_local.py:55]
2015-12-08 21:47:22,830-smoke_logger-INFO-0 smoke in 35 widnows of street_0001.jpg.-[smokeDetection_eval_local.py:55]
2015-12-08 21:47:22,883-smoke_logger-INFO-0 smoke in 35 widnows of sunset_0003.jpg.-[smokeDetection_eval_local.py:55]
2015-12-08 21:47:22,928-smoke_logger-INFO-1 smoke in 28 widnows of greatwall_0006.jpg.-[smokeDetection_eval_local.py:55]
2015-12-08 21:47:22,967-smoke_logger-INFO-2 smoke in 25 widnows of house_0032.jpg.-[smokeDetection_eval_local.py:55]
2015-12-08 21:47:23,010-smoke_logger-INFO-0 smoke in 28 widnows of sunset_0007.jpg.-[smokeDetection_eval_local.py:55]
2015-12-08 21:47:23,059-smoke_logger-INFO-7 smoke in 28 widnows of street_0007.jpg.-[smokeDetection_eval_local.py:55]
